2020-06-07T20:19:35: PM2 log: ===============================================================================
2020-06-07T20:19:35: PM2 log: --- New PM2 Daemon started ----------------------------------------------------
2020-06-07T20:19:35: PM2 log: Time                 : Sun Jun 07 2020 20:19:35 GMT+0000 (Coordinated Universal Time)
2020-06-07T20:19:35: PM2 log: PM2 version          : 4.4.0
2020-06-07T20:19:35: PM2 log: Node.js version      : 14.4.0
2020-06-07T20:19:35: PM2 log: Current arch         : x64
2020-06-07T20:19:35: PM2 log: PM2 home             : /root/.pm2
2020-06-07T20:19:35: PM2 log: PM2 PID file         : /root/.pm2/pm2.pid
2020-06-07T20:19:35: PM2 log: RPC socket file      : /root/.pm2/rpc.sock
2020-06-07T20:19:35: PM2 log: BUS socket file      : /root/.pm2/pub.sock
2020-06-07T20:19:35: PM2 log: Application log path : /root/.pm2/logs
2020-06-07T20:19:35: PM2 log: Worker Interval      : 30000
2020-06-07T20:19:35: PM2 log: Process dump file    : /root/.pm2/dump.pm2
2020-06-07T20:19:35: PM2 log: Concurrent actions   : 2
2020-06-07T20:19:35: PM2 log: SIGTERM timeout      : 1600
2020-06-07T20:19:35: PM2 log: ===============================================================================
2020-06-07T20:19:35: PM2 log: App [proceso1:0] starting in -fork mode-
2020-06-07T20:19:35: PM2 log: App [proceso1:0] online
2020-06-07T20:50:00: PM2 log: App [proceso1:0] exited with code [1] via signal [SIGINT]
2020-06-07T20:50:00: PM2 log: App [proceso1:0] starting in -fork mode-
2020-06-07T20:50:00: PM2 log: App [proceso1:0] online
2020-06-07T21:34:52: PM2 log: App [proceso1:0] exited with code [1] via signal [SIGINT]
2020-06-07T21:34:52: PM2 log: App [proceso1:0] starting in -fork mode-
2020-06-07T21:34:52: PM2 log: App [proceso1:0] online
2020-06-07T22:02:56: PM2 log: App [proceso1:0] exited with code [1] via signal [SIGINT]
2020-06-07T22:02:56: PM2 log: App [proceso1:0] starting in -fork mode-
2020-06-07T22:02:56: PM2 log: App [proceso1:0] online
2020-06-07T22:16:11: PM2 log: App [proceso1:0] exited with code [1] via signal [SIGINT]
2020-06-07T22:16:11: PM2 log: App [proceso1:0] starting in -fork mode-
2020-06-07T22:16:11: PM2 log: App [proceso1:0] online
2020-06-07T22:41:29: PM2 log: App [proceso1:0] exited with code [1] via signal [SIGINT]
2020-06-07T22:41:29: PM2 log: App [proceso1:0] starting in -fork mode-
2020-06-07T22:41:29: PM2 log: App [proceso1:0] online
2020-06-07T22:53:09: PM2 log: App [proceso1:0] exited with code [1] via signal [SIGINT]
2020-06-07T22:53:09: PM2 log: App [proceso1:0] starting in -fork mode-
2020-06-07T22:53:09: PM2 log: App [proceso1:0] online
2020-06-07T23:23:20: PM2 log: App [proceso1:0] exited with code [1] via signal [SIGINT]
2020-06-07T23:23:20: PM2 log: App [proceso1:0] starting in -fork mode-
2020-06-07T23:23:20: PM2 log: App [proceso1:0] online
2020-06-07T23:56:13: PM2 log: App [proceso1:0] exited with code [1] via signal [SIGINT]
2020-06-07T23:56:13: PM2 log: App [proceso1:0] starting in -fork mode-
2020-06-07T23:56:13: PM2 log: App [proceso1:0] online
2020-06-08T00:10:31: PM2 log: App [proceso1:0] exited with code [1] via signal [SIGINT]
2020-06-08T00:10:31: PM2 log: App [proceso1:0] starting in -fork mode-
2020-06-08T00:10:31: PM2 log: App [proceso1:0] online
2020-06-08T00:25:24: PM2 log: App [proceso1:0] exited with code [1] via signal [SIGINT]
2020-06-08T00:25:24: PM2 log: App [proceso1:0] starting in -fork mode-
2020-06-08T00:25:24: PM2 log: App [proceso1:0] online
2020-06-08T00:37:55: PM2 log: App [proceso1:0] exited with code [1] via signal [SIGINT]
2020-06-08T00:37:55: PM2 log: App [proceso1:0] starting in -fork mode-
2020-06-08T00:37:55: PM2 log: App [proceso1:0] online
2020-06-08T02:08:39: PM2 log: App [proceso1:0] exited with code [1] via signal [SIGINT]
2020-06-08T02:08:39: PM2 log: App [proceso1:0] starting in -fork mode-
2020-06-08T02:08:39: PM2 log: App [proceso1:0] online
2020-06-08T02:34:30: PM2 log: App [proceso1:0] exited with code [1] via signal [SIGINT]
2020-06-08T02:34:30: PM2 log: App [proceso1:0] starting in -fork mode-
2020-06-08T02:34:30: PM2 log: App [proceso1:0] online
2020-06-08T02:59:16: PM2 log: App [proceso1:0] exited with code [1] via signal [SIGINT]
2020-06-08T02:59:16: PM2 log: App [proceso1:0] starting in -fork mode-
2020-06-08T02:59:16: PM2 log: App [proceso1:0] online
2020-06-08T04:18:58: PM2 log: App [proceso1:0] exited with code [1] via signal [SIGINT]
2020-06-08T04:18:58: PM2 log: App [proceso1:0] starting in -fork mode-
2020-06-08T04:18:58: PM2 log: App [proceso1:0] online
2020-06-08T04:59:31: PM2 log: App [proceso1:0] exited with code [1] via signal [SIGINT]
2020-06-08T04:59:31: PM2 log: App [proceso1:0] starting in -fork mode-
2020-06-08T04:59:31: PM2 log: App [proceso1:0] online
2020-06-08T05:23:59: PM2 log: App [proceso1:0] exited with code [1] via signal [SIGINT]
2020-06-08T05:23:59: PM2 log: App [proceso1:0] starting in -fork mode-
2020-06-08T05:23:59: PM2 log: App [proceso1:0] online
2020-06-08T05:38:36: PM2 log: App [proceso1:0] exited with code [1] via signal [SIGINT]
2020-06-08T05:38:36: PM2 log: App [proceso1:0] starting in -fork mode-
2020-06-08T05:38:36: PM2 log: App [proceso1:0] online
2020-06-08T06:16:24: PM2 log: App [proceso1:0] exited with code [1] via signal [SIGINT]
2020-06-08T06:16:24: PM2 log: App [proceso1:0] starting in -fork mode-
2020-06-08T06:16:24: PM2 log: App [proceso1:0] online
2020-06-08T06:27:32: PM2 log: App [proceso1:0] exited with code [1] via signal [SIGINT]
2020-06-08T06:27:32: PM2 log: App [proceso1:0] starting in -fork mode-
2020-06-08T06:27:32: PM2 log: App [proceso1:0] online
2020-06-08T06:41:10: PM2 log: App [proceso1:0] exited with code [1] via signal [SIGINT]
2020-06-08T06:41:10: PM2 log: App [proceso1:0] starting in -fork mode-
2020-06-08T06:41:10: PM2 log: App [proceso1:0] online
2020-06-08T07:10:25: PM2 log: App [proceso1:0] exited with code [1] via signal [SIGINT]
2020-06-08T07:10:25: PM2 log: App [proceso1:0] starting in -fork mode-
2020-06-08T07:10:25: PM2 log: App [proceso1:0] online
2020-06-08T07:56:40: PM2 log: App [proceso1:0] exited with code [1] via signal [SIGINT]
2020-06-08T07:56:40: PM2 log: App [proceso1:0] starting in -fork mode-
2020-06-08T07:56:40: PM2 log: App [proceso1:0] online
2020-06-08T08:51:06: PM2 log: App [proceso1:0] exited with code [1] via signal [SIGINT]
2020-06-08T08:51:06: PM2 log: App [proceso1:0] starting in -fork mode-
2020-06-08T08:51:06: PM2 log: App [proceso1:0] online
2020-06-08T09:29:17: PM2 log: App [proceso1:0] exited with code [1] via signal [SIGINT]
2020-06-08T09:29:17: PM2 log: App [proceso1:0] starting in -fork mode-
2020-06-08T09:29:17: PM2 log: App [proceso1:0] online
2020-06-08T10:22:11: PM2 log: App [proceso1:0] exited with code [1] via signal [SIGINT]
2020-06-08T10:22:11: PM2 log: App [proceso1:0] starting in -fork mode-
2020-06-08T10:22:11: PM2 log: App [proceso1:0] online
2020-06-08T10:41:29: PM2 log: App [proceso1:0] exited with code [1] via signal [SIGINT]
2020-06-08T10:41:29: PM2 log: App [proceso1:0] starting in -fork mode-
2020-06-08T10:41:29: PM2 log: App [proceso1:0] online
2020-06-08T10:58:41: PM2 log: App [proceso1:0] exited with code [1] via signal [SIGINT]
2020-06-08T10:58:41: PM2 log: App [proceso1:0] starting in -fork mode-
2020-06-08T10:58:41: PM2 log: App [proceso1:0] online
2020-06-08T11:29:31: PM2 log: App [proceso1:0] exited with code [1] via signal [SIGINT]
2020-06-08T11:29:31: PM2 log: App [proceso1:0] starting in -fork mode-
2020-06-08T11:29:31: PM2 log: App [proceso1:0] online
2020-06-08T12:19:01: PM2 log: App [proceso1:0] exited with code [1] via signal [SIGINT]
2020-06-08T12:19:01: PM2 log: App [proceso1:0] starting in -fork mode-
2020-06-08T12:19:01: PM2 log: App [proceso1:0] online
2020-06-08T13:03:44: PM2 log: App [proceso1:0] exited with code [1] via signal [SIGINT]
2020-06-08T13:03:44: PM2 log: App [proceso1:0] starting in -fork mode-
2020-06-08T13:03:44: PM2 log: App [proceso1:0] online
2020-06-08T13:14:01: PM2 log: App [proceso1:0] exited with code [1] via signal [SIGINT]
2020-06-08T13:14:01: PM2 log: App [proceso1:0] starting in -fork mode-
2020-06-08T13:14:01: PM2 log: App [proceso1:0] online
2020-06-08T13:33:11: PM2 log: App [proceso1:0] exited with code [1] via signal [SIGINT]
2020-06-08T13:33:11: PM2 log: App [proceso1:0] starting in -fork mode-
2020-06-08T13:33:11: PM2 log: App [proceso1:0] online
2020-06-08T13:59:53: PM2 log: App [proceso1:0] exited with code [1] via signal [SIGINT]
2020-06-08T13:59:53: PM2 log: App [proceso1:0] starting in -fork mode-
2020-06-08T13:59:53: PM2 log: App [proceso1:0] online
2020-06-08T14:52:13: PM2 log: App [proceso1:0] exited with code [1] via signal [SIGINT]
2020-06-08T14:52:13: PM2 log: App [proceso1:0] starting in -fork mode-
2020-06-08T14:52:13: PM2 log: App [proceso1:0] online
2020-06-08T15:20:44: PM2 log: App [proceso1:0] exited with code [1] via signal [SIGINT]
2020-06-08T15:20:44: PM2 log: App [proceso1:0] starting in -fork mode-
2020-06-08T15:20:44: PM2 log: App [proceso1:0] online
2020-06-08T15:51:34: PM2 log: App [proceso1:0] exited with code [1] via signal [SIGINT]
2020-06-08T15:51:34: PM2 log: App [proceso1:0] starting in -fork mode-
2020-06-08T15:51:34: PM2 log: App [proceso1:0] online
2020-06-08T16:09:24: PM2 log: App [proceso1:0] exited with code [1] via signal [SIGINT]
2020-06-08T16:09:24: PM2 log: App [proceso1:0] starting in -fork mode-
2020-06-08T16:09:24: PM2 log: App [proceso1:0] online
